SCG/build/outputs/logs/manifest-merger-release-report.txt
-- Merging decision tree log ---
manifest
ADDED from src\main\AndroidManifest.xml:1:1-990:12
	package
		ADDED from src\main\AndroidManifest.xml:3:11-30
		INJECTED from src\main\AndroidManifest.xml
		INJECTED from src\main\AndroidManifest.xml
	android:versionName
		ADDED from src\main\AndroidManifest.xml:5:11-38
		INJECTED from src\main\AndroidManifest.xml
		INJECTED from src\main\AndroidManifest.xml
	xmlns:tools
		ADDED from src\main\AndroidManifest.xml:2:11-57
	android:versionCode
		ADDED from src\main\AndroidManifest.xml:4:11-34
		INJECTED from src\main\AndroidManifest.xml
		INJECTED from src\main\AndroidManifest.xml
	xmlns:android
		ADDED from src\main\AndroidManifest.xml:1:11-69
uses-sdk
ADDED from src\main\AndroidManifest.xml:7:5-9:40
MERGED from [SCGAS:SlidingMenuLib:unspecified] AndroidManifest.xml:7:5-9:41
MERGED from [SCGAS:wheel:unspecified] AndroidManifest.xml:7:5-9:40
	android:targetSdkVersion
		ADDED from src\main\AndroidManifest.xml:9:9-38
		INJECTED from src\main\AndroidManifest.xml
		INJECTED from src\main\AndroidManifest.xml
	android:minSdkVersion
		ADDED from src\main\AndroidManifest.xml:8:9-34
		INJECTED from src\main\AndroidManifest.xml
		INJECTED from src\main\AndroidManifest.xml
uses-permission#android.permission.MODIFY_AUDIO_SETTINGS
ADDED from src\main\AndroidManifest.xml:13:5-79
	android:name
		ADDED from src\main\AndroidManifest.xml:13:22-77
uses-permission#android.permission.RECORD_AUDIO
ADDED from src\main\AndroidManifest.xml:14:5-70
	android:name
		ADDED from src\main\AndroidManifest.xml:14:22-68
uses-permission#android.permission.READ_CONTACTS
ADDED from src\main\AndroidManifest.xml:16:5-71
	android:name
		ADDED from src\main\AndroidManifest.xml:16:22-69
uses-permission#android.permission.RECEIVE_SMS
ADDED from src\main\AndroidManifest.xml:19:5-69
	android:name
		ADDED from src\main\AndroidManifest.xml:19:22-67
uses-permission#android.permission.READ0_PHONE_STATE
ADDED from src\main\AndroidManifest.xml:22:5-75
	android:name
		ADDED from src\main\AndroidManifest.xml:22:22-73
uses-permission#android.permission.CALL_PHONE
ADDED from src\main\AndroidManifest.xml:23:5-68
	android:name
		ADDED from src\main\AndroidManifest.xml:23:22-66
uses-permission#android.permission.MOUNT_UNMOUNT_FILESYSTEMS
ADDED from src\main\AndroidManifest.xml:24:5-83
	android:name
		ADDED from src\main\AndroidManifest.xml:24:22-81
uses-permission#android.permission.INTERNET
ADDED from src\main\AndroidManifest.xml:26:5-66
	android:name
		ADDED from src\main\AndroidManifest.xml:26:22-64
uses-permission#android.permission.GET_TASKS
ADDED from src\main\AndroidManifest.xml:27:5-67
	android:name
		ADDED from src\main\AndroidManifest.xml:27:22-65
uses-permission#android.permission.ACCESS_NETWORK_STATE
ADDED from src\main\AndroidManifest.xml:28:5-78
	android:name
		ADDED from src\main\AndroidManifest.xml:28:22-76
uses-permission#android.permission.RECEIVE_BOOT_COMPLETED
ADDED from src\main\AndroidManifest.xml:29:5-80
	android:name
		ADDED from src\main\AndroidManifest.xml:29:22-78
uses-permission#android.permission.BROADCAST_STICKY
ADDED from src\main\AndroidManifest.xml:30:5-74
	android:name
		ADDED from src\main\AndroidManifest.xml:30:22-72
uses-permission#android.permission.WRITE_SETTINGS
ADDED from src\main\AndroidManifest.xml:31:5-72
	android:name
		ADDED from src\main\AndroidManifest.xml:31:22-70
uses-permission#android.permission.ACCESS_DOWNLOAD_MANAGER
ADDED from src\main\AndroidManifest.xml:34:5-81
	android:name
		ADDED from src\main\AndroidManifest.xml:34:22-79
uses-permission#android.permission.DOWNLOAD_WITHOUT_NOTIFICATION
ADDED from src\main\AndroidManifest.xml:35:5-87
	android:name
		ADDED from src\main\AndroidManifest.xml:35:22-85
uses-permission#android.permission.SYSTEM_ALERT_WINDOW
ADDED from src\main\AndroidManifest.xml:36:5-77
	android:name
		ADDED from src\main\AndroidManifest.xml:36:22-75
uses-permission#android.permission.DISABLE_KEYGUARD
ADDED from src\main\AndroidManifest.xml:37:5-74
	android:name
		ADDED from src\main\AndroidManifest.xml:37:22-72
uses-permission#android.permission.ACCESS_COARSE_LOCATION
ADDED from src\main\AndroidManifest.xml:38:5-39:23
	android:name
		ADDED from src\main\AndroidManifest.xml:38:22-78
uses-permission#android.permission.ACCESS_FINE_LOCATION
ADDED from src\main\AndroidManifest.xml:40:5-41:23
	android:name
		ADDED from src\main\AndroidManifest.xml:40:22-76
uses-permission#android.permission.ACCESS_WIFI_STATE
ADDED from src\main\AndroidManifest.xml:42:5-43:23
	android:name
		ADDED from src\main\AndroidManifest.xml:42:22-73
uses-permission#android.permission.CHANGE_WIFI_STATE
ADDED from src\main\AndroidManifest.xml:44:5-45:23
	android:name
		ADDED from src\main\AndroidManifest.xml:44:22-73
uses-permission#android.permission.READ_PHONE_STATE
ADDED from src\main\AndroidManifest.xml:46:5-47:23
	android:name
		ADDED from src\main\AndroidManifest.xml:46:22-72
uses-permission#android.permission.WRITE_EXTERNAL_STORAGE
ADDED from src\main\AndroidManifest.xml:48:5-49:23
	android:name
		ADDED from src\main\AndroidManifest.xml:48:22-78
uses-permission#android.permission.READ_EXTERNAL_STORAGE
ADDED from src\main\AndroidManifest.xml:50:5-79
	android:name
		ADDED from src\main\AndroidManifest.xml:50:22-77
uses-permission#android.permission.READ_LOGS
ADDED from src\main\AndroidManifest.xml:51:5-52:23
	android:name
		ADDED from src\main\AndroidManifest.xml:51:22-65
uses-permission#android.permission.WAKE_LOCK
ADDED from src\main\AndroidManifest.xml:53:5-67
	android:name
		ADDED from src\main\AndroidManifest.xml:53:22-65
uses-feature#android.hardware.camera
ADDED from src\main\AndroidManifest.xml:56:5-58:35
	android:required
		ADDED from src\main\AndroidManifest.xml:58:9-33
	android:name
		ADDED from src\main\AndroidManifest.xml:57:9-47
uses-feature#android.hardware.camera.autofocus
ADDED from src\main\AndroidManifest.xml:59:5-61:35
	android:required
		ADDED from src\main\AndroidManifest.xml:61:9-33
	android:name
		ADDED from src\main\AndroidManifest.xml:60:9-57
uses-feature#android.hardware.camera.flash
ADDED from src\main\AndroidManifest.xml:62:5-64:35
	android:required
		ADDED from src\main\AndroidManifest.xml:64:9-33
	android:name
		ADDED from src\main\AndroidManifest.xml:63:9-53
permission#baidu.push.permission.WRITE_PUSHINFOPROVIDER.com.czscg
ADDED from src\main\AndroidManifest.xml:66:5-69:18
	android:protectionLevel
		ADDED from src\main\AndroidManifest.xml:68:9-41
	android:name
		ADDED from src\main\AndroidManifest.xml:67:9-78
uses-permission#android.permission.CAMERA
ADDED from src\main\AndroidManifest.xml:72:5-64
	android:name
		ADDED from src\main\AndroidManifest.xml:72:22-62
uses-permission#android.permission.VIBRATE
ADDED from src\main\AndroidManifest.xml:73:5-65
	android:name
		ADDED from src\main\AndroidManifest.xml:73:22-63
application
ADDED from src\main\AndroidManifest.xml:75:5-988:19
MERGED from [SCGAS:wheel:unspecified] AndroidManifest.xml:11:5-12:19
	android:label
		ADDED from src\main\AndroidManifest.xml:81:9-41
		REJECTED from [SCGAS:wheel:unspecified] AndroidManifest.xml:11:18-54
	android:vmSafeMode
		ADDED from src\main\AndroidManifest.xml:76:9-34
	android:allowBackup
		ADDED from src\main\AndroidManifest.xml:79:9-35
	android:icon
		ADDED from src\main\AndroidManifest.xml:80:9-42
	android:theme
		ADDED from src\main\AndroidManifest.xml:82:9-40
	tools:replace
		ADDED from src\main\AndroidManifest.xml:77:9-38
	android:name
		ADDED from src\main\AndroidManifest.xml:78:9-60
service#com.baidu.location.f
ADDED from src\main\AndroidManifest.xml:83:9-87:19
	android:enabled
		ADDED from src\main\AndroidManifest.xml:85:13-35
	android:process
		ADDED from src\main\AndroidManifest.xml:86:13-38
	android:name
		ADDED from src\main\AndroidManifest.xml:84:13-48
service#com.taobao.sophix.aidl.DownloadService
ADDED from src\main\AndroidManifest.xml:89:9-97:19
	android:exported
		ADDED from src\main\AndroidManifest.xml:91:13-36
	android:name
		ADDED from src\main\AndroidManifest.xml:90:13-66
intent-filter#android.intent.category.DEFAULT+com.taobao.hotfix.action
ADDED from src\main\AndroidManifest.xml:92:13-96:29
action#com.taobao.hotfix.action
ADDED from src\main\AndroidManifest.xml:93:17-67
	android:name
		ADDED from src\main\AndroidManifest.xml:93:25-64
category#android.intent.category.DEFAULT
ADDED from src\main\AndroidManifest.xml:95:17-76
	android:name
		ADDED from src\main\AndroidManifest.xml:95:27-73
activity#com.lmq.main.activity.LogoActicity
ADDED from src\main\AndroidManifest.xml:99:9-108:20
	android:label
		ADDED from src\main\AndroidManifest.xml:101:13-45
	android:theme
		ADDED from src\main\AndroidManifest.xml:102:13-66
	android:name
		ADDED from src\main\AndroidManifest.xml:100:13-62
intent-filter#android.intent.action.MAIN+android.intent.category.LAUNCHER
ADDED from src\main\AndroidManifest.xml:103:13-107:29
action#android.intent.action.MAIN
ADDED from src\main\AndroidManifest.xml:104:17-68
	android:name
		ADDED from src\main\AndroidManifest.xml:104:25-66
category#android.intent.category.LAUNCHER
ADDED from src\main\AndroidManifest.xml:106:17-76
	android:name
		ADDED from src\main\AndroidManifest.xml:106:27-74
activity#com.lmq.menu.MainMenuActivity
ADDED from src\main\AndroidManifest.xml:109:9-113:20
	android:label
		ADDED from src\main\AndroidManifest.xml:111:13-45
	android:theme
		ADDED from src\main\AndroidManifest.xml:112:13-66
	android:name
		ADDED from src\main\AndroidManifest.xml:110:13-57
activity#com.lmq.main.activity.UserActivity_Sx
ADDED from src\main\AndroidManifest.xml:114:9-118:20
	android:label
		ADDED from src\main\AndroidManifest.xml:116:13-45
	android:theme
		ADDED from src\main\AndroidManifest.xml:117:13-66
	android:name
		ADDED from src\main\AndroidManifest.xml:115:13-65
activity#com.lmq.main.activity.CzActivity_Sx
ADDED from src\main\AndroidManifest.xml:119:9-123:20
	android:label
		ADDED from src\main\AndroidManifest.xml:121:13-45
	android:theme
		ADDED from src\main\AndroidManifest.xml:122:13-66
	android:name
		ADDED from src\main\AndroidManifest.xml:120:13-63
activity#com.lmq.main.activity.Stretch_sx
ADDED from src\main\AndroidManifest.xml:124:9-128:20
	android:label
		ADDED from src\main\AndroidManifest.xml:126:13-45
	android:theme
		ADDED from src\main\AndroidManifest.xml:127:13-66
	android:name
		ADDED from src\main\AndroidManifest.xml:125:13-60
activity#com.lmq.main.activity.ShowBorrowContextActivity
ADDED from src\main\AndroidManifest.xml:129:9-133:20
	android:label
		ADDED from src\main\AndroidManifest.xml:131:13-45
	android:theme
		ADDED from src\main\AndroidManifest.xml:132:13-66
	android:name
		ADDED from src\main\AndroidManifest.xml:130:13-75
activity#com.lmq.main.activity.ContactUsActivity
ADDED from src\main\AndroidManifest.xml:134:9-138:20
	android:label
		ADDED from src\main\AndroidManifest.xml:136:13-45
	android:theme
		ADDED from src\main\AndroidManifest.xml:137:13-66
	android:name
		ADDED from src\main\AndroidManifest.xml:135:13-67
activity#com.lmq.main.activity.BidItem_Scg
ADDED from src\main\AndroidManifest.xml:139:9-143:20
	android:label
		ADDED from src\main\AndroidManifest.xml:141:13-45
	android:theme
		ADDED from src\main\AndroidManifest.xml:142:13-66
	android:name
		ADDED from src\main\AndroidManifest.xml:140:13-61
activity#com.lmq.main.activity.ZcItem_Sx
ADDED from src\main\AndroidManifest.xml:144:9-148:20
	android:label
		ADDED from src\main\AndroidManifest.xml:146:13-45
	android:theme
		ADDED from src\main\AndroidManifest.xml:147:13-66
	android:name
		ADDED from src\main\AndroidManifest.xml:145:13-59
activity#com.lmq.main.activity.XxplActivity
ADDED from src\main\AndroidManifest.xml:149:9-153:20
	android:label
		ADDED from src\main\AndroidManifest.xml:151:13-45
	android:theme
		ADDED from src\main\AndroidManifest.xml:152:13-66
	android:name
		ADDED from src\main\AndroidManifest.xml:150:13-62
activity#com.lmq.main.activity.XxplImgActivity
ADDED from src\main\AndroidManifest.xml:154:9-158:20
	android:label
		ADDED from src\main\AndroidManifest.xml:156:13-45
	android:theme
		ADDED from src\main\AndroidManifest.xml:157:13-66
	android:name
		ADDED from src\main\AndroidManifest.xml:155:13-65
activity#com.lmq.main.activity.TouziActivity
ADDED from src\main\AndroidManifest.xml:159:9-163:20
	android:label
		ADDED from src\main\AndroidManifest.xml:161:13-45
	android:theme
		ADDED from src\main\AndroidManifest.xml:162:13-66
	android:name
		ADDED from src\main\AndroidManifest.xml:160:13-63
activity#com.lmq.pay.ChoosePayType
ADDED from src\main\AndroidManifest.xml:164:9-168:20
	android:label
		ADDED from src\main\AndroidManifest.xml:166:13-45
	android:theme
		ADDED from src\main\AndroidManifest.xml:167:13-66
	android:name
		ADDED from src\main\AndroidManifest.xml:165:13-53
activity#com.lmq.main.activity.XxPay
ADDED from src\main\AndroidManifest.xml:169:9-173:20
	android:label
		ADDED from src\main\AndroidManifest.xml:171:13-45
	android:theme
		ADDED from src\main\AndroidManifest.xml:172:13-66
	android:name
		ADDED from src\main\AndroidManifest.xml:170:13-55
activity#com.lmq.main.activity.LoginActivity_Scg
ADDED from src\main\AndroidManifest.xml:174:9-178:20
	android:label
		ADDED from src\main\AndroidManifest.xml:176:13-45
	android:theme
		ADDED from src\main\AndroidManifest.xml:177:13-66
	android:name
		ADDED from src\main\AndroidManifest.xml:175:13-67
activity#com.lmq.menu.MainTabActivit_Scg
ADDED from src\main\AndroidManifest.xml:179:9-183:20
	android:label
		ADDED from src\main\AndroidManifest.xml:181:13-45
	android:theme
		ADDED from src\main\AndroidManifest.xml:182:13-66
	android:name
		ADDED from src\main\AndroidManifest.xml:180:13-59
activity#com.lmq.menu.MainTabActivity_Sx
ADDED from src\main\AndroidManifest.xml:184:9-188:20
	android:label
		ADDED from src\main\AndroidManifest.xml:186:13-45
	android:theme
		ADDED from src\main\AndroidManifest.xml:187:13-66
	android:name
		ADDED from src\main\AndroidManifest.xml:185:13-59
activity#com.lmq.main.activity.GestureLockViewActivity
ADDED from src\main\AndroidManifest.xml:189:9-193:20
	android:label
		ADDED from src\main\AndroidManifest.xml:191:13-45
	android:theme
		ADDED from src\main\AndroidManifest.xml:192:13-66
	android:name
		ADDED from src\main\AndroidManifest.xml:190:13-73
activity#com.lmq.main.activity.BorrowMoney_Sx
ADDED from src\main\AndroidManifest.xml:194:9-198:20
	android:label
		ADDED from src\main\AndroidManifest.xml:196:13-45
	android:theme
		ADDED from src\main\AndroidManifest.xml:197:13-66
	android:name
		ADDED from src\main\AndroidManifest.xml:195:13-64
service#com.lmq.update.DownloadService
ADDED from src\main\AndroidManifest.xml:199:9-200:19
	android:name
		ADDED from src\main\AndroidManifest.xml:199:18-63
activity#com.lmq.view.CustomDetailView
ADDED from src\main\AndroidManifest.xml:202:9-208:20
	android:screenOrientation
		ADDED from src\main\AndroidManifest.xml:206:13-49
	android:label
		ADDED from src\main\AndroidManifest.xml:205:13-45
	android:configChanges
		ADDED from src\main\AndroidManifest.xml:204:13-48
	android:theme
		ADDED from src\main\AndroidManifest.xml:207:13-47
	android:name
		ADDED from src\main\AndroidManifest.xml:203:13-57
activity#com.lmq.view.ShowBannerViewDetail
ADDED from src\main\AndroidManifest.xml:209:9-212:20
	android:theme
		ADDED from src\main\AndroidManifest.xml:211:13-47
	android:name
		ADDED from src\main\AndroidManifest.xml:210:13-61
activity#com.lmq.view.ShowWebImageView
ADDED from src\main\AndroidManifest.xml:213:9-216:20
	android:theme
		ADDED from src\main\AndroidManifest.xml:215:13-47
	android:name
		ADDED from src\main\AndroidManifest.xml:214:13-57
activity#com.lmq.main.activity.MyBriberyMoney
ADDED from src\main\AndroidManifest.xml:217:9-222:20
	android:screenOrientation
		ADDED from src\main\AndroidManifest.xml:220:13-49
	android:configChanges
		ADDED from src\main\AndroidManifest.xml:219:13-63
	android:theme
		ADDED from src\main\AndroidManifest.xml:221:13-60
	android:name
		ADDED from src\main\AndroidManifest.xml:218:13-64
activity#com.lmq.main.activity.MyCaupon
ADDED from src\main\AndroidManifest.xml:223:9-224:20
	android:name
		ADDED from src\main\AndroidManifest.xml:223:19-64
activity#com.lmq.main.activity.CitiesActivity
ADDED from src\main\AndroidManifest.xml:230:9-234:20
	android:label
		ADDED from src\main\AndroidManifest.xml:232:13-45
	android:theme
		ADDED from src\main\AndroidManifest.xml:233:13-56
	android:name
		ADDED from src\main\AndroidManifest.xml:231:13-64
meta-data#com.baidu.lbsapi.API_KEY
ADDED from src\main\AndroidManifest.xml:236:9-238:63
	android:value
		ADDED from src\main\AndroidManifest.xml:238:13-61
	android:name
		ADDED from src\main\AndroidManifest.xml:237:13-52
activity#com.fuiou.pay.activity.FyWebActivity
ADDED from src\main\AndroidManifest.xml:240:9-244:66
	android:screenOrientation
		ADDED from src\main\AndroidManifest.xml:242:13-49
	android:windowSoftInputMode
		ADDED from src\main\AndroidManifest.xml:244:13-64
	android:theme
		ADDED from src\main\AndroidManifest.xml:243:13-60
	android:name
		ADDED from src\main\AndroidManifest.xml:241:13-64
activity#com.lmq.pay.FyPayActivity
ADDED from src\main\AndroidManifest.xml:247:9-252:20
	android:screenOrientation
		ADDED from src\main\AndroidManifest.xml:250:13-49
	android:configChanges
		ADDED from src\main\AndroidManifest.xml:249:13-63
	android:theme
		ADDED from src\main\AndroidManifest.xml:251:13-60
	android:name
		ADDED from src\main\AndroidManifest.xml:248:13-53
activity#com.lmq.main.activity.VIPActivity
ADDED from src\main\AndroidManifest.xml:265:9-270:20
	android:screenOrientation
		ADDED from src\main\AndroidManifest.xml:268:13-49
	android:configChanges
		ADDED from src\main\AndroidManifest.xml:267:13-63
	android:theme
		ADDED from src\main\AndroidManifest.xml:269:13-60
	android:name
		ADDED from src\main\AndroidManifest.xml:266:13-61
activity#com.mob.tools.MobUIShell
ADDED from src\main\AndroidManifest.xml:311:9-325:20
	android:screenOrientation
		ADDED from src\main\AndroidManifest.xml:314:13-49
	android:windowSoftInputMode
		ADDED from src\main\AndroidManifest.xml:316:13-67
	android:configChanges
		ADDED from src\main\AndroidManifest.xml:313:13-74
	android:theme
		ADDED from src\main\AndroidManifest.xml:315:13-72
	android:name
		ADDED from src\main\AndroidManifest.xml:312:13-52
intent-filter#android.intent.action.VIEW+android.intent.category.BROWSABLE+android.intent.category.DEFAULT
ADDED from src\main\AndroidManifest.xml:317:13-324:29
data
ADDED from src\main\AndroidManifest.xml:318:17-59
	android:scheme
		ADDED from src\main\AndroidManifest.xml:318:23-57
action#android.intent.action.VIEW
ADDED from src\main\AndroidManifest.xml:320:17-68
	android:name
		ADDED from src\main\AndroidManifest.xml:320:25-66
category#android.intent.category.BROWSABLE
ADDED from src\main\AndroidManifest.xml:322:17-77
	android:name
		ADDED from src\main\AndroidManifest.xml:322:27-75
activity#com.czscg.wxapi.WXEntryActivity
ADDED from src\main\AndroidManifest.xml:328:9-333:74
	android:screenOrientation
		ADDED from src\main\AndroidManifest.xml:332:13-49
	android:exported
		ADDED from src\main\AndroidManifest.xml:331:13-36
	android:configChanges
		ADDED from src\main\AndroidManifest.xml:330:13-74
	android:theme
		ADDED from src\main\AndroidManifest.xml:333:13-72
	android:name
		ADDED from src\main\AndroidManifest.xml:329:13-50
activity#com.lmq.main.api.TabGroupActivity
ADDED from src\main\AndroidManifest.xml:346:9-351:20
	android:screenOrientation
		ADDED from src\main\AndroidManifest.xml:349:13-49
	android:configChanges
		ADDED from src\main\AndroidManifest.xml:348:13-63
	android:theme
		ADDED from src\main\AndroidManifest.xml:350:13-60
	android:name
		ADDED from src\main\AndroidManifest.xml:347:13-61
activity#com.lmq.main.activity.registerActivity
ADDED from src\main\AndroidManifest.xml:352:9-358:20
	android:screenOrientation
		ADDED from src\main\AndroidManifest.xml:355:13-49
	android:windowSoftInputMode
		ADDED from src\main\AndroidManifest.xml:357:13-67
	android:configChanges
		ADDED from src\main\AndroidManifest.xml:354:13-63
	android:theme
		ADDED from src\main\AndroidManifest.xml:356:13-60
	android:name
		ADDED from src\main\AndroidManifest.xml:353:13-66
activity#com.lmq.main.activity.LoadIntroduceActivity
ADDED from src\main\AndroidManifest.xml:359:9-364:20
	android:screenOrientation
		ADDED from src\main\AndroidManifest.xml:362:13-49
	android:configChanges
		ADDED from src\main\AndroidManifest.xml:361:13-63
	android:theme
		ADDED from src\main\AndroidManifest.xml:363:13-60
	android:name
		ADDED from src\main\AndroidManifest.xml:360:13-71
activity#com.lmq.main.activity.loginActivity
ADDED from src\main\AndroidManifest.xml:365:9-371:20
	android:screenOrientation
		ADDED from src\main\AndroidManifest.xml:368:13-49
	android:windowSoftInputMode
		ADDED from src\main\AndroidManifest.xml:370:13-67
	android:configChanges
		ADDED from src\main\AndroidManifest.xml:367:13-63
	android:theme
		ADDED from src\main\AndroidManifest.xml:369:13-60
	android:name
		ADDED from src\main\AndroidManifest.xml:366:13-63
activity#com.lmq.main.activity.ForgotPwdActivity
ADDED from src\main\AndroidManifest.xml:372:9-377:20
	android:screenOrientation
		ADDED from src\main\AndroidManifest.xml:375:13-49
	android:configChanges
		ADDED from src\main\AndroidManifest.xml:374:13-63
	android:theme
		ADDED from src\main\AndroidManifest.xml:376:13-60
	android:name
		ADDED from src\main\AndroidManifest.xml:373:13-67
activity#com.lmq.main.activity.ForgotPwd2Activity
ADDED from src\main\AndroidManifest.xml:378:9-383:20
	android:screenOrientation
		ADDED from src\main\AndroidManifest.xml:381:13-49
	android:configChanges
		ADDED from src\main\AndroidManifest.xml:380:13-63
	android:theme
		ADDED from src\main\AndroidManifest.xml:382:13-60
	android:name
		ADDED from src\main\AndroidManifest.xml:379:13-68
activity#com.lmq.main.activity.calculateActivity
ADDED from src\main\AndroidManifest.xml:384:9-389:20
	android:screenOrientation
		ADDED from src\main\AndroidManifest.xml:387:13-49
	android:configChanges
		ADDED from src\main\AndroidManifest.xml:386:13-63
	android:theme
		ADDED from src\main\AndroidManifest.xml:388:13-60
	android:name
		ADDED from src\main\AndroidManifest.xml:385:13-67
activity#com.lmq.main.activity.itemInfo3_1Activity
ADDED from src\main\AndroidManifest.xml:396:9-401:20
	android:screenOrientation
		ADDED from src\main\AndroidManifest.xml:399:13-49
	android:configChanges
		ADDED from src\main\AndroidManifest.xml:398:13-63
	android:theme
		ADDED from src\main\AndroidManifest.xml:400:13-60
	android:name
		ADDED from src\main\AndroidManifest.xml:397:13-69
activity#com.lmq.main.activity.itemInfo3_2Activity
ADDED from src\main\AndroidManifest.xml:402:9-407:20
	android:screenOrientation
		ADDED from src\main\AndroidManifest.xml:405:13-49
	android:configChanges
		ADDED from src\main\AndroidManifest.xml:404:13-63
	android:theme
		ADDED from src\main\AndroidManifest.xml:406:13-60
	android:name
		ADDED from src\main\AndroidManifest.xml:403:13-69
activity#com.lmq.main.activity.itemInfo2_2Activity
ADDED from src\main\AndroidManifest.xml:408:9-413:20
	android:screenOrientation
		ADDED from src\main\AndroidManifest.xml:411:13-49
	android:configChanges
		ADDED from src\main\AndroidManifest.xml:410:13-63
	android:theme
		ADDED from src\main\AndroidManifest.xml:412:13-60
	android:name
		ADDED from src\main\AndroidManifest.xml:409:13-69
activity#com.lmq.main.activity.IndexTouZiActivity
ADDED from src\main\AndroidManifest.xml:414:9-419:20
	android:screenOrientation
		ADDED from src\main\AndroidManifest.xml:417:13-49
	android:configChanges
		ADDED from src\main\AndroidManifest.xml:416:13-63
	android:theme
		ADDED from src\main\AndroidManifest.xml:418:13-60
	android:name
		ADDED from src\main\AndroidManifest.xml:415:13-68
activity#com.lmq.main.activity.itemInfo2_1Activity
ADDED from src\main\AndroidManifest.xml:458:9-463:20
	android:screenOrientation
		ADDED from src\main\AndroidManifest.xml:461:13-49
	android:configChanges
		ADDED from src\main\AndroidManifest.xml:460:13-63
	android:theme
		ADDED from src\main\AndroidManifest.xml:462:13-60
	android:name
		ADDED from src\main\AndroidManifest.xml:459:13-69
activity#com.lmq.main.activity.itemNewsActivity
ADDED from src\main\AndroidManifest.xml:464:9-469:20
	android:screenOrientation
		ADDED from src\main\AndroidManifest.xml:467:13-49
	android:configChanges
		ADDED from src\main\AndroidManifest.xml:466:13-63
	android:theme
		ADDED from src\main\AndroidManifest.xml:468:13-60
	android:name
		ADDED from src\main\AndroidManifest.xml:465:13-66
activity#com.lmq.main.activity.tzDetailsListActivity
ADDED from src\main\AndroidManifest.xml:470:9-475:20
	android:screenOrientation
		ADDED from src\main\AndroidManifest.xml:473:13-49
	android:configChanges
		ADDED from src\main\AndroidManifest.xml:472:13-63
	android:theme
		ADDED from src\main\AndroidManifest.xml:474:13-60
	android:name
		ADDED from src\main\AndroidManifest.xml:471:13-71
activity#com.lmq.main.activity.peopleInfoBonusActivity
ADDED from src\main\AndroidManifest.xml:494:9-499:20
	android:screenOrientation
		ADDED from src\main\AndroidManifest.xml:497:13-49
	android:configChanges
		ADDED from src\main\AndroidManifest.xml:496:13-63
	android:theme
		ADDED from src\main\AndroidManifest.xml:498:13-60
	android:name
		ADDED from src\main\AndroidManifest.xml:495:13-73
activity#com.lmq.main.activity.peopleInfoDataActivity
ADDED from src\main\AndroidManifest.xml:506:9-511:20
	android:screenOrientation
		ADDED from src\main\AndroidManifest.xml:509:13-49
	android:configChanges
		ADDED from src\main\AndroidManifest.xml:508:13-63
	android:theme
		ADDED from src\main\AndroidManifest.xml:510:13-60
	android:name
		ADDED from src\main\AndroidManifest.xml:507:13-72
activity#com.lmq.main.activity.ShowRegisterContextActivity
ADDED from src\main\AndroidManifest.xml:512:9-517:20
	android:screenOrientation
		ADDED from src\main\AndroidManifest.xml:515:13-49
	android:configChanges
		ADDED from src\main\AndroidManifest.xml:514:13-63
	android:theme
		ADDED from src\main\AndroidManifest.xml:516:13-60
	android:name
		ADDED from src\main\AndroidManifest.xml:513:13-77
activity#com.lmq.main.activity.peopleInfoSafeActivity
ADDED from src\main\AndroidManifest.xml:530:9-535:20
	android:screenOrientation
		ADDED from src\main\AndroidManifest.xml:533:13-49
	android:configChanges
		ADDED from src\main\AndroidManifest.xml:532:13-63
	android:theme
		ADDED from src\main\AndroidManifest.xml:534:13-60
	android:name
		ADDED from src\main\AndroidManifest.xml:531:13-72
activity#com.lmq.main.activity.peopleInfoWithdrawalActivity
ADDED from src\main\AndroidManifest.xml:536:9-541:20
	android:screenOrientation
		ADDED from src\main\AndroidManifest.xml:539:13-49
	android:configChanges
		ADDED from src\main\AndroidManifest.xml:538:13-63
	android:theme
		ADDED from src\main\AndroidManifest.xml:540:13-60
	android:name
		ADDED from src\main\AndroidManifest.xml:537:13-78
activity#com.lmq.main.activity.passwordActivity
ADDED from src\main\AndroidManifest.xml:549:9-554:20
	android:screenOrientation
		ADDED from src\main\AndroidManifest.xml:552:13-49
	android:configChanges
		ADDED from src\main\AndroidManifest.xml:551:13-63
	android:theme
		ADDED from src\main\AndroidManifest.xml:553:13-60
	android:name
		ADDED from src\main\AndroidManifest.xml:550:13-66
activity#com.lmq.main.activity.NewsListActivity
ADDED from src\main\AndroidManifest.xml:557:9-562:20
	android:screenOrientation
		ADDED from src\main\AndroidManifest.xml:560:13-49
	android:configChanges
		ADDED from src\main\AndroidManifest.xml:559:13-63
	android:theme
		ADDED from src\main\AndroidManifest.xml:561:13-60
	android:name
		ADDED from src\main\AndroidManifest.xml:558:13-66
activity#com.lmq.main.activity.NoticeActivity
ADDED from src\main\AndroidManifest.xml:565:9-570:20
	android:screenOrientation
		ADDED from src\main\AndroidManifest.xml:568:13-49
	android:configChanges
		ADDED from src\main\AndroidManifest.xml:567:13-63
	android:theme
		ADDED from src\main\AndroidManifest.xml:569:13-60
	android:name
		ADDED from src\main\AndroidManifest.xml:566:13-64
activity#com.lmq.main.activity.LendMoneyActivity
ADDED from src\main\AndroidManifest.xml:573:9-578:20
	android:screenOrientation
		ADDED from src\main\AndroidManifest.xml:576:13-49
	android:configChanges
		ADDED from src\main\AndroidManifest.xml:575:13-63
	android:theme
		ADDED from src\main\AndroidManifest.xml:577:13-60
	android:name
		ADDED from src\main\AndroidManifest.xml:574:13-67
activity#com.lmq.main.activity.myjiekuan
ADDED from src\main\AndroidManifest.xml:579:9-584:20
	android:screenOrientation
		ADDED from src\main\AndroidManifest.xml:582:13-49
	android:configChanges
		ADDED from src\main\AndroidManifest.xml:581:13-63
	android:theme
		ADDED from src\main\AndroidManifest.xml:583:13-60
	android:name
		ADDED from src\main\AndroidManifest.xml:580:13-59
activity#com.lmq.main.activity.LendMoney_Choice_kindActivity
ADDED from src\main\AndroidManifest.xml:585:9-590:20
	android:screenOrientation
		ADDED from src\main\AndroidManifest.xml:588:13-49
	android:configChanges
		ADDED from src\main\AndroidManifest.xml:587:13-63
	android:theme
		ADDED from src\main\AndroidManifest.xml:589:13-60
	android:name
		ADDED from src\main\AndroidManifest.xml:586:13-79
activity#com.lmq.main.activity.LendMoneyRecordActivity
ADDED from src\main\AndroidManifest.xml:591:9-596:20
	android:screenOrientation
		ADDED from src\main\AndroidManifest.xml:594:13-49
	android:configChanges
		ADDED from src\main\AndroidManifest.xml:593:13-63
	android:theme
		ADDED from src\main\AndroidManifest.xml:595:13-60
	android:name
		ADDED from src\main\AndroidManifest.xml:592:13-73
activity#com.lmq.main.activity.FeedbackActivity
ADDED from src\main\AndroidManifest.xml:605:9-610:20
	android:screenOrientation
		ADDED from src\main\AndroidManifest.xml:608:13-49
	android:configChanges
		ADDED from src\main\AndroidManifest.xml:607:13-63
	android:theme
		ADDED from src\main\AndroidManifest.xml:609:13-60
	android:name
		ADDED from src\main\AndroidManifest.xml:606:13-66